<?xml version="1.0" encoding="UTF-8"?>
<testsuite xmlns:xsi="http://www.w3.org/2001/XMLSchema-instance" xsi:noNamespaceSchemaLocation="https://maven.apache.org/surefire/maven-surefire-plugin/xsd/surefire-test-report.xsd" name="com.t1ne.model.users.ClientTest" time="0.058" tests="5" errors="5" skipped="0" failures="0">
  <properties>
[...]
</properties>
  <testcase name="initializationError" classname="com.t1ne.model.users.ClientTest" time="0.006">
    <error message="Test class should have exactly one public constructor" type="java.lang.Exception">java.lang.Exception: Test class should have exactly one public constructor
</error>
  </testcase>
  <testcase name="initializationError" classname="com.t1ne.model.users.ClientTest" time="0">
    <error message="Class com.t1ne.model.users.ClientTest should be public" type="java.lang.Exception">java.lang.Exception: Class com.t1ne.model.users.ClientTest should be public
</error>
  </testcase>
  <testcase name="initializationError" classname="com.t1ne.model.users.ClientTest" time="0">
    <error message="Class com.t1ne.model.users.ClientTest should be public" type="java.lang.Exception">java.lang.Exception: Class com.t1ne.model.users.ClientTest should be public
</error>
  </testcase>
  <testcase name="initializationError" classname="com.t1ne.model.users.ClientTest" time="0">
    <error message="Class com.t1ne.model.users.ClientTest should be public" type="java.lang.Exception">java.lang.Exception: Class com.t1ne.model.users.ClientTest should be public
</error>
  </testcase>
  <testcase name="initializationError" classname="com.t1ne.model.users.ClientTest" time="0.001">
    <error message="Class com.t1ne.model.users.ClientTest should be public" type="java.lang.Exception">java.lang.Exception: Class com.t1ne.model.users.ClientTest should be public
</error>
  </testcase>
</testsuite>